o 25
0 0 -> 11
0 1 -> 17
0 2 -> 9
0 3 -> 45
0 4 -> 38
0 5 -> 59
0 6 -> 0
0 7 -> 52
0 8 -> 15
0 9 -> 49
0 10 -> 41
0 11 -> 10
0 12 -> 7
1 0 -> 7
2 0 -> 45
3 0 -> 9
4 0 -> 15
5 0 -> 9
5 1 -> 44
5 2 -> 49
5 3 -> 10
5 4 -> 11
5 5 -> 15
6 0 -> 7
7 0 -> 46
7 1 -> 59
7 2 -> 9
7 3 -> 54
7 4 -> 45
7 5 -> 49
8 0 -> 38
9 0 -> 46
10 0 -> 41
11 0 -> 11
11 1 -> 54
11 2 -> 41
11 3 -> 45
11 4 -> 1
11 5 -> 7
11 6 -> 9
11 7 -> 17
12 0 -> 59
13 0 -> 28
13 1 -> 17
13 2 -> 7
13 3 -> 9
14 0 -> 10
15 0 -> 7
16 0 -> 41
17 0 -> 7
17 1 -> 1
17 2 -> 10
17 3 -> 0
17 4 -> 17
17 5 -> 38
17 6 -> 9
17 7 -> 46
17 8 -> 30
18 0 -> 9
19 0 -> 10
20 0 -> 46
21 0 -> 38
22 0 -> 0
23 0 -> 9
23 1 -> 52
23 2 -> 46
23 3 -> 5
23 4 -> 49
23 5 -> 45
23 6 -> 17
23 7 -> 41
23 8 -> 1
23 9 -> 38
23 10 -> 7
24 0 -> 58
25 0 -> 58
25 1 -> 10
25 2 -> 52
25 3 -> 0
25 4 -> 9
25 5 -> 28
25 6 -> 15
26 0 -> 44
27 0 -> 30
28 0 -> 17
28 1 -> 9
29 0 -> 59
30 0 -> 10
31 0 -> 44
32 0 -> 54
33 0 -> 46
33 1 -> 28
34 0 -> 28
35 0 -> 23
36 0 -> 38
37 0 -> 52
38 0 -> 28
39 0 -> 44
40 0 -> 52
41 0 -> 7
42 0 -> 5
43 0 -> 41
44 0 -> 28
45 0 -> 11
45 1 -> 44
45 2 -> 7
45 3 -> 61
45 4 -> 0
45 5 -> 58
45 6 -> 10
45 7 -> 52
45 8 -> 54
46 0 -> 5
47 0 -> 15
48 0 -> 9
48 1 -> 45
49 0 -> 46
50 0 -> 54
51 0 -> 17
52 0 -> 46
53 0 -> 28
54 0 -> 38
55 0 -> 23
56 0 -> 1
57 0 -> 28
58 0 -> 23
59 0 -> 0
60 0 -> 1
61 0 -> 38
62 0 -> 30
62 1 -> 46
62 2 -> 28
62 3 -> 61
63 0 -> 28
63 1 -> 7
63 2 -> 45
63 3 -> 10
63 4 -> 9
63 5 -> 52
63 6 -> 30
64 0 -> 46
65 0 -> 46
65 1 -> 28
65 2 -> 23
65 3 -> 0
65 4 -> 61
66 0 -> 54
67 0 -> 23
68 0 -> 38
69 0 -> 30
70 0 -> 38
71 0 -> 11
72 0 -> 46
73 0 -> 54
74 0 -> 61
75 0 -> 9
76 0 -> 38
77 0 -> 46
78 0 -> 9
78 1 -> 17
78 2 -> 10
78 3 -> 15
78 4 -> 28
78 5 -> 45
78 6 -> 5
78 7 -> 23
78 8 -> 59
78 9 -> 11
78 10 -> 58
78 11 -> 46
78 12 -> 38
78 13 -> 30
78 14 -> 44
79 0 -> 5
80 0 -> 1
81 0 -> 41
82 0 -> 0
83 0 -> 9
84 0 -> 38
85 0 -> 61
86 0 -> 44
86 1 -> 17
86 2 -> 59
86 3 -> 11
86 4 -> 61
86 5 -> 10
87 0 -> 11
88 0 -> 7
89 0 -> 17
89 1 -> 7
89 2 -> 36
89 3 -> 52
89 4 -> 9
89 5 -> 11
89 6 -> 28
89 7 -> 49
89 8 -> 45
89 9 -> 61
90 0 -> 61
91 0 -> 61
91 1 -> 5
91 2 -> 17
91 3 -> 15
91 4 -> 1
91 5 -> 54
91 6 -> 41
91 7 -> 28
91 8 -> 23
91 9 -> 11
91 10 -> 10
91 11 -> 46
91 12 -> 52
91 13 -> 38
91 14 -> 44
92 0 -> 1
92 1 -> 44
93 0 -> 5
94 0 -> 9
94 1 -> 23
94 2 -> 44
94 3 -> 61
94 4 -> 38
94 5 -> 49
94 6 -> 54
95 0 -> 10
96 0 -> 30
97 0 -> 61
98 0 -> 46
99 0 -> 28
100 0 -> 11
101 0 -> 28
101 1 -> 0
101 2 -> 61
102 0 -> 28
103 0 -> 7
104 0 -> 10
105 0 -> 1
105 1 -> 49
105 2 -> 52
105 3 -> 17
105 4 -> 11
105 5 -> 58
105 6 -> 38
105 7 -> 41
105 8 -> 30
105 9 -> 5
105 10 -> 54
105 11 -> 59
105 12 -> 45
105 13 -> 28
105 14 -> 0
106 0 -> 28
107 0 -> 62
108 0 -> 15
108 1 -> 46
108 2 -> 7
108 3 -> 28
108 4 -> 45
108 5 -> 38
108 6 -> 11
108 7 -> 10
108 8 -> 9
108 9 -> 61
109 0 -> 44
110 0 -> 9
110 1 -> 59
111 0 -> 44
111 1 -> 17
111 2 -> 11
111 3 -> 45
111 4 -> 46
111 5 -> 52
112 0 -> 30
112 1 -> 52
113 0 -> 1
113 1 -> 41
114 0 -> 7
114 1 -> 17
115 0 -> 11
115 1 -> 10
116 0 -> 45
116 1 -> 46
116 2 -> 62
116 3 -> 5
116 4 -> 10
116 5 -> 28
116 6 -> 15
117 0 -> 49
118 0 -> 15
118 1 -> 38
119 0 -> 5
120 0 -> 44
121 0 -> 10
121 1 -> 61
122 0 -> 52
123 0 -> 45
124 0 -> 10
125 0 -> 9
126 0 -> 30
126 1 -> 61
126 2 -> 49
126 3 -> 45
126 4 -> 23
126 5 -> 38
126 6 -> 62
127 0 -> 28
128 0 -> 17
128 1 -> 44
128 2 -> 9
128 3 -> 62
128 4 -> 15
128 5 -> 7
128 6 -> 45
128 7 -> 28
128 8 -> 11
128 9 -> 38
128 10 -> 23
128 11 -> 59
128 12 -> 41
129 0 -> 44
130 0 -> 11
131 0 -> 0
132 0 -> 17
133 0 -> 41
134 0 -> 11
135 0 -> 58
136 0 -> 49
136 1 -> 38
136 2 -> 9
136 3 -> 54
136 4 -> 23
136 5 -> 45
136 6 -> 30
137 0 -> 23
137 1 -> 54
138 0 -> 52
139 0 -> 1
140 0 -> 45
141 0 -> 17
142 0 -> 61
143 0 -> 23
144 0 -> 23
144 1 -> 49
144 2 -> 9
144 3 -> 62
144 4 -> 28
144 5 -> 44
144 6 -> 61
144 7 -> 58
144 8 -> 54
144 9 -> 41
144 10 -> 10
144 11 -> 17
144 12 -> 45
144 13 -> 1
145 0 -> 7
146 0 -> 61
146 1 -> 54
146 2 -> 17
147 0 -> 61
147 1 -> 59
147 2 -> 23
147 3 -> 28
147 4 -> 58
147 5 -> 10
147 6 -> 44
147 7 -> 38
147 8 -> 62
147 9 -> 7
148 0 -> 0
148 1 -> 28
148 2 -> 54
148 3 -> 49
148 4 -> 5
148 5 -> 1
148 6 -> 46
149 0 -> 49
150 0 -> 59
150 1 -> 15
150 2 -> 9
150 3 -> 54
150 4 -> 61
150 5 -> 46
151 0 -> 30
152 0 -> 38
153 0 -> 46
153 1 -> 7
153 2 -> 28
153 3 -> 15
153 4 -> 45
153 5 -> 23
153 6 -> 41
153 7 -> 38
153 8 -> 36
154 0 -> 17
155 0 -> 28
156 0 -> 38
157 0 -> 44
158 0 -> 52
159 0 -> 49
160 0 -> 10
161 0 -> 41
162 0 -> 44
163 0 -> 45
163 1 -> 30
163 2 -> 23
163 3 -> 54
163 4 -> 11
163 5 -> 44
163 6 -> 52
163 7 -> 28
164 0 -> 41
164 1 -> 45
164 2 -> 52
164 3 -> 38
164 4 -> 7
164 5 -> 17
164 6 -> 5
164 7 -> 10
164 8 -> 54
164 9 -> 1
164 10 -> 59
164 11 -> 9
164 12 -> 44
164 13 -> 11
165 0 -> 36
165 1 -> 17
165 2 -> 1
165 3 -> 45
165 4 -> 62
165 5 -> 10
165 6 -> 0
165 7 -> 59
165 8 -> 46
165 9 -> 15
166 0 -> 41
167 0 -> 59
167 1 -> 36
167 2 -> 62
167 3 -> 61
167 4 -> 45
167 5 -> 28
168 0 -> 23
168 1 -> 28
168 2 -> 46
168 3 -> 44
168 4 -> 58
168 5 -> 5
168 6 -> 15
168 7 -> 54
168 8 -> 36
169 0 -> 58
169 1 -> 23
169 2 -> 62
169 3 -> 49
169 4 -> 15
169 5 -> 52
170 0 -> 36
171 0 -> 45
172 0 -> 49
173 0 -> 1
173 1 -> 10
173 2 -> 11
173 3 -> 54
173 4 -> 15
173 5 -> 61
173 6 -> 17
173 7 -> 28
173 8 -> 49
173 9 -> 38
173 10 -> 46
173 11 -> 62
173 12 -> 23
174 0 -> 15
175 0 -> 54
176 0 -> 44
176 1 -> 7
176 2 -> 23
176 3 -> 9
176 4 -> 61
176 5 -> 17
176 6 -> 15
177 0 -> 9
177 1 -> 45
177 2 -> 49
177 3 -> 52
177 4 -> 59
177 5 -> 46
177 6 -> 28
177 7 -> 54
177 8 -> 44
177 9 -> 10
177 10 -> 23
177 11 -> 36
178 0 -> 44
179 0 -> 1
180 0 -> 9
181 0 -> 10
181 1 -> 54
182 0 -> 15
182 1 -> 45
182 2 -> 10
182 3 -> 46
182 4 -> 62
182 5 -> 44
182 6 -> 59
182 7 -> 30
182 8 -> 41
182 9 -> 11
182 10 -> 38
182 11 -> 23
182 12 -> 17
183 0 -> 41
183 1 -> 9
183 2 -> 17
183 3 -> 62
183 4 -> 1
183 5 -> 7
183 6 -> 10
183 7 -> 11
183 8 -> 61
183 9 -> 49
183 10 -> 46
183 11 -> 15
183 12 -> 54
183 13 -> 38
183 14 -> 45
184 0 -> 45
185 0 -> 62
186 0 -> 28
187 0 -> 23
188 0 -> 45
188 1 -> 11
188 2 -> 62
188 3 -> 9
188 4 -> 1
188 5 -> 46
189 0 -> 38
190 0 -> 9
191 0 -> 41
191 1 -> 62
192 0 -> 23
193 0 -> 44
194 0 -> 61
195 0 -> 23
196 0 -> 10
197 0 -> 44
198 0 -> 38
199 0 -> 38
200 0 -> 46
201 0 -> 10
202 0 -> 61
203 0 -> 23
204 0 -> 15
205 0 -> 23
206 0 -> 15
206 1 -> 38
207 0 -> 5
208 0 -> 38
209 0 -> 15
210 0 -> 58
210 1 -> 49
210 2 -> 23
210 3 -> 62
210 4 -> 10
210 5 -> 44
210 6 -> 45
210 7 -> 1
210 8 -> 9
210 9 -> 41
210 10 -> 61
210 11 -> 28
211 0 -> 9
211 1 -> 46
211 2 -> 41
211 3 -> 10
211 4 -> 52
212 0 -> 30
213 0 -> 49
213 1 -> 44
213 2 -> 45
213 3 -> 54
213 4 -> 11
213 5 -> 1
214 0 -> 23
215 0 -> 10
216 0 -> 36
217 0 -> 7
218 0 -> 46
219 0 -> 23
